<?xml version="1.0" encoding="UTF-8"?>
<!-- Generated by org.testng.reporters.JUnitXMLReporter -->
<testsuite ignored="0" hostname="DESKTOP-TDM8J6J" failures="0" tests="3" name="AussieTimeSheet" time="0.085" errors="0" timestamp="2021-08-03T17:37:01 IST">
  <testcase classname="testngPkg.LoginPage" name="@BeforeClass launchBrowser" time="0.014">
    <failure type="java.io.FileNotFoundException" message="E:\Eclipse_Workspace\TestProject\src\test\resources\TestExcel.xlsx (The system cannot find the path specified)">
      <![CDATA[java.io.FileNotFoundException: E:\Eclipse_Workspace\TestProject\src\test\resources\TestExcel.xlsx (The system cannot find the path specified)
at java.base/java.io.FileInputStream.open0(Native Method)
at java.base/java.io.FileInputStream.open(FileInputStream.java:211)
at java.base/java.io.FileInputStream.<init>(FileInputStream.java:153)
at java.base/java.io.FileInputStream.<init>(FileInputStream.java:108)
at utility.ExcelReader.<init>(ExcelReader.java:18)
at testngPkg.LoginPage.launchBrowser(LoginPage.java:113)
at java.base/java.util.ArrayList.forEach(ArrayList.java:1511)
... Removed 25 stack frames]]>
    </failure>
  </testcase> <!-- @BeforeClass launchBrowser -->
  <testcase classname="testngPkg.LoginPage" name="@AfterTest afterTest" time="-1.627992421828E9">
    <skipped/>
  </testcase> <!-- @AfterTest afterTest -->
  <testcase classname="testngPkg.LoginPage" name="urlVerify" time="0.0">
    <skipped/>
  </testcase> <!-- urlVerify -->
  <testcase classname="testngPkg.LoginPage" name="titleVerify" time="0.0">
    <skipped/>
  </testcase> <!-- titleVerify -->
  <testcase classname="testngPkg.LoginPage" name="loginWithValidCredentials" time="0.0">
    <skipped/>
  </testcase> <!-- loginWithValidCredentials -->
</testsuite> <!-- AussieTimeSheet -->
